<?xml version="1.0" encoding="UTF-8"?>
<!-- Generated by org.testng.reporters.JUnitReportReporter -->
<testsuite hostname="shiv-PC" name="com.tanish.Automation" tests="3" failures="0" timestamp="29 Sep 2019 13:43:04 GMT" time="25.734" errors="0">
  <testcase name="login" time="24.745" classname="com.tanish.Automation"/>
  <testcase name="mouseAction" time="0.562" classname="com.tanish.Automation"/>
  <testcase name="testTititle" time="0.427" classname="com.tanish.Automation"/>
</testsuite> <!-- com.tanish.Automation -->
