<?xml version="1.0" encoding="UTF-8"?>
<!-- Generated by org.testng.reporters.JUnitReportReporter -->
<testsuite hostname="shiv-PC" name="com.tanish.Automation" tests="3" failures="0" timestamp="29 Sep 2019 14:19:49 GMT" time="25.866" errors="0">
  <testcase name="login" time="24.647" classname="com.tanish.Automation"/>
  <testcase name="testTititle" time="0.390" classname="com.tanish.Automation"/>
  <testcase name="mouseAction" time="0.829" classname="com.tanish.Automation"/>
</testsuite> <!-- com.tanish.Automation -->
